15:15:00 **** Incremental Build of configuration Debug for project Distance_Measurement ****
make all 
Building file: ../ultrasonic.c
Invoking: AVR Compiler
avr-gcc -Wall -g2 -gstabs -O0 -fpack-struct -fshort-enums -ffunction-sections -fdata-sections -std=gnu99 -funsigned-char -funsigned-bitfields -mmcu=atmega32 -DF_CPU=8000000UL -MMD -MP -MF"ultrasonic.d" -MT"ultrasonic.o" -c -o "ultrasonic.o" "../ultrasonic.c"
In file included from ../ultrasonic.c:10:
c:/winavr-20100110/lib/gcc/../../avr/include/util/delay.h:90:3: warning: #warning "Compiler optimizations disabled; functions from <util/delay.h> won't work as designed"
Finished building: ../ultrasonic.c
 
Building target: Distance_Measurement.elf
Invoking: AVR C Linker
avr-gcc -Wl,-Map,Distance_Measurement.map -mmcu=atmega32 -o "Distance_Measurement.elf"  ./Application.o ./gpio.o ./icu.o ./lcd.o ./ultrasonic.o   
Finished building target: Distance_Measurement.elf
 
Invoking: AVR Create Extended Listing
avr-objdump -h -S Distance_Measurement.elf  >"Distance_Measurement.lss"
Finished building: Distance_Measurement.lss
 
Invoking: Print Size
avr-size --format=avr --mcu=atmega32 Distance_Measurement.elf
AVR Memory Usage
----------------
Device: atmega32

Program:    9690 bytes (29.6% Full)
(.text + .data + .bootloader)

Data:        287 bytes (14.0% Full)
(.data + .bss + .noinit)


Finished building: sizedummy
 
